***********************************************************************

                            JoyClub S.R.L.

***********************************************************************

ID client: 10001
Nume client: Dima
Prenume client: Vlad
Numarul de telefon al clientului: 0720851382
Prenumele sarbatoritului: Ionel
Ziua de inchiriere: 10
Luna de inchiriere: 4
Ora de inceput a petrecerii: 10
Ora de final a petrecerii: 18
Varsta sarbatoritului: 8
Numarul de participanti: 20
Numele locatiei alese: AleeaMisterelor
Numar de activitati alese: 2
Numele activitatilor alese: AtelierCreativ, Magie
Detalii tort: RedVelvet(contine cacao, branza, frisca)
Sucuri: Cola, Fanta
Aperitive: Covridog(contine crenvursti)



Total plata.......................................................713